<?xml version="1.0" encoding="UTF-8" standalone="yes"?>
<testsuites time="25.379" tests="1" failures="0" errors="1">
    <testsuite name="GraphWalker" tests="1" failures="0" errors="1" time="25.379" timestamp="2018-12-05T12:22:51">
        <properties>
[...]
</properties>
        <testcase name="MaintPageLoginImpl" time="25.379" classname="com.company.MaintPageLoginImpl">
            <error type="org.openqa.selenium.TimeoutException" message="Timed out after 10 seconds waiting for text ('engineer') to be present in element found by By.xpath: //*[@id='form:j_idt12_button']/span[2]&#xA;Build info: version: '2.46.0', revision: '61506a4624b13675f24581e453592342b7485d71', time: '2015-06-04 10:22:50'&#xA;System info: host: 'CHEMASV113874', ip: '192.168.201.86', os.name: 'Windows 10', os.arch: 'amd64', os.version: '10.0', java.version: '1.8.0_172'&#xA;Driver info: org.openqa.selenium.chrome.ChromeDriver&#xA;Capabilities [{mobileEmulationEnabled=false, hasTouchScreen=false, platform=XP, acceptSslCerts=false, goog:chromeOptions={debuggerAddress=localhost:61364}, acceptInsecureCerts=false, webStorageEnabled=true, browserName=chrome, takesScreenshot=true, javascriptEnabled=true, setWindowRect=true, unexpectedAlertBehaviour=, applicationCacheEnabled=false, rotatable=false, networkConnectionEnabled=false, chrome={chromedriverVersion=2.43.600210 (68dcf5eebde37173d4027fa8635e332711d2874a), userDataDir=C:\Users\che25144\AppData\Local\Temp\scoped_dir14508_26479}, takesHeapSnapshot=true, pageLoadStrategy=normal, databaseEnabled=false, handlesAlerts=true, version=70.0.3538.110, browserConnectionEnabled=false, nativeEvents=true, locationContextEnabled=true, cssSelectorsEnabled=true}]&#xA;Session ID: b5c15de2acce011a9da52ab341ea35c7">
                org.openqa.selenium.TimeoutException: Timed out after 10 seconds waiting for text ('engineer') to be present in element found by By.xpath: //*[@id='form:j_idt12_button']/span[2]
                Build info: version: '2.46.0', revision: '61506a4624b13675f24581e453592342b7485d71', time: '2015-06-04 10:22:50'
                System info: host: 'CHEMASV113874', ip: '192.168.201.86', os.name: 'Windows 10', os.arch: 'amd64', os.version: '10.0', java.version: '1.8.0_172'
                Driver info: org.openqa.selenium.chrome.ChromeDriver
                Capabilities [{mobileEmulationEnabled=false, hasTouchScreen=false, platform=XP, acceptSslCerts=false, goog:chromeOptions={debuggerAddress=localhost:61364}, acceptInsecureCerts=false, webStorageEnabled=true, browserName=chrome, takesScreenshot=true, javascriptEnabled=true, setWindowRect=true, unexpectedAlertBehaviour=, applicationCacheEnabled=false, rotatable=false, networkConnectionEnabled=false, chrome={chromedriverVersion=2.43.600210 (68dcf5eebde37173d4027fa8635e332711d2874a), userDataDir=C:\Users\che25144\AppData\Local\Temp\scoped_dir14508_26479}, takesHeapSnapshot=true, pageLoadStrategy=normal, databaseEnabled=false, handlesAlerts=true, version=70.0.3538.110, browserConnectionEnabled=false, nativeEvents=true, locationContextEnabled=true, cssSelectorsEnabled=true}]
                Session ID: b5c15de2acce011a9da52ab341ea35c7&#xD;
                	at org.openqa.selenium.support.ui.WebDriverWait.timeoutException(WebDriverWait.java:80)&#xD;
                	at org.openqa.selenium.support.ui.FluentWait.until(FluentWait.java:229)&#xD;
                	at com.company.MaintPageLoginImpl.v_successfulLogin(MaintPageLoginImpl.java:46)&#xD;
                	at jdk.nashorn.internal.scripts.Script$Recompilation$17$627$\^eval\_.v_successfulLogin(&lt;eval&gt;:1)&#xD;
                	at jdk.nashorn.internal.scripts.Script$16$\^eval\_.:program(&lt;eval&gt;:1)&#xD;
                	at jdk.nashorn.internal.runtime.ScriptFunctionData.invoke(ScriptFunctionData.java:637)&#xD;
                	at jdk.nashorn.internal.runtime.ScriptFunction.invoke(ScriptFunction.java:494)&#xD;
                	at jdk.nashorn.internal.runtime.ScriptRuntime.apply(ScriptRuntime.java:393)&#xD;
                	at jdk.nashorn.api.scripting.NashornScriptEngine.evalImpl(NashornScriptEngine.java:449)&#xD;
                	at jdk.nashorn.api.scripting.NashornScriptEngine.evalImpl(NashornScriptEngine.java:406)&#xD;
                	at jdk.nashorn.api.scripting.NashornScriptEngine.evalImpl(NashornScriptEngine.java:402)&#xD;
                	at jdk.nashorn.api.scripting.NashornScriptEngine.eval(NashornScriptEngine.java:155)&#xD;
                	at javax.script.AbstractScriptEngine.eval(AbstractScriptEngine.java:264)&#xD;
                	at org.graphwalker.core.machine.ExecutionContext.execute(ExecutionContext.java:286)&#xD;
                	at org.graphwalker.core.machine.SimpleMachine.execute(SimpleMachine.java:293)&#xD;
                	at org.graphwalker.core.machine.SimpleMachine.execute(SimpleMachine.java:268)&#xD;
                	at org.graphwalker.core.machine.SimpleMachine.getNextStep(SimpleMachine.java:100)&#xD;
                	at org.graphwalker.java.test.TestExecutor.execute(TestExecutor.java:219)&#xD;
                	at sun.reflect.NativeMethodAccessorImpl.invoke0(Native Method)&#xD;
                	at sun.reflect.NativeMethodAccessorImpl.invoke(NativeMethodAccessorImpl.java:62)&#xD;
                	at sun.reflect.DelegatingMethodAccessorImpl.invoke(DelegatingMethodAccessorImpl.java:43)&#xD;
                	at java.lang.reflect.Method.invoke(Method.java:498)&#xD;
                	at org.graphwalker.java.test.Reflections.invoke(Reflections.java:73)&#xD;
                	at org.graphwalker.java.test.Reflector.execute(Reflector.java:123)&#xD;
                	at org.graphwalker.maven.plugin.TestMojo.execute(TestMojo.java:161)&#xD;
                	at org.apache.maven.plugin.DefaultBuildPluginManager.executeMojo(DefaultBuildPluginManager.java:134)&#xD;
                	at org.apache.maven.lifecycle.internal.MojoExecutor.execute(MojoExecutor.java:208)&#xD;
                	at org.apache.maven.lifecycle.internal.MojoExecutor.execute(MojoExecutor.java:154)&#xD;
                	at org.apache.maven.lifecycle.internal.MojoExecutor.execute(MojoExecutor.java:146)&#xD;
                	at org.apache.maven.lifecycle.internal.LifecycleModuleBuilder.buildProject(LifecycleModuleBuilder.java:117)&#xD;
                	at org.apache.maven.lifecycle.internal.LifecycleModuleBuilder.buildProject(LifecycleModuleBuilder.java:81)&#xD;
                	at org.apache.maven.lifecycle.internal.builder.singlethreaded.SingleThreadedBuilder.build(SingleThreadedBuilder.java:51)&#xD;
                	at org.apache.maven.lifecycle.internal.LifecycleStarter.execute(LifecycleStarter.java:128)&#xD;
                	at org.apache.maven.DefaultMaven.doExecute(DefaultMaven.java:309)&#xD;
                	at org.apache.maven.DefaultMaven.doExecute(DefaultMaven.java:194)&#xD;
                	at org.apache.maven.DefaultMaven.execute(DefaultMaven.java:107)&#xD;
                	at org.apache.maven.cli.MavenCli.execute(MavenCli.java:955)&#xD;
                	at org.apache.maven.cli.MavenCli.doMain(MavenCli.java:290)&#xD;
                	at org.apache.maven.cli.MavenCli.main(MavenCli.java:194)&#xD;
                	at sun.reflect.NativeMethodAccessorImpl.invoke0(Native Method)&#xD;
                	at sun.reflect.NativeMethodAccessorImpl.invoke(NativeMethodAccessorImpl.java:62)&#xD;
                	at sun.reflect.DelegatingMethodAccessorImpl.invoke(DelegatingMethodAccessorImpl.java:43)&#xD;
                	at java.lang.reflect.Method.invoke(Method.java:498)&#xD;
                	at org.codehaus.plexus.classworlds.launcher.Launcher.launchEnhanced(Launcher.java:289)&#xD;
                	at org.codehaus.plexus.classworlds.launcher.Launcher.launch(Launcher.java:229)&#xD;
                	at org.codehaus.plexus.classworlds.launcher.Launcher.mainWithExitCode(Launcher.java:415)&#xD;
                	at org.codehaus.plexus.classworlds.launcher.Launcher.main(Launcher.java:356)&#xD;
                Caused by: org.openqa.selenium.NoSuchElementException: no such element: Unable to locate element: {"method":"xpath","selector":"//*[@id='form:j_idt12_button']/span[2]"}
                  (Session info: chrome=70.0.3538.110)
                  (Driver info: chromedriver=2.43.600210 (68dcf5eebde37173d4027fa8635e332711d2874a),platform=Windows NT 10.0.10586 x86_64) (WARNING: The server did not provide any stacktrace information)
                Command duration or timeout: 26 milliseconds
                For documentation on this error, please visit: http://seleniumhq.org/exceptions/no_such_element.html
                Build info: version: '2.46.0', revision: '61506a4624b13675f24581e453592342b7485d71', time: '2015-06-04 10:22:50'
                System info: host: 'CHEMASV113874', ip: '192.168.201.86', os.name: 'Windows 10', os.arch: 'amd64', os.version: '10.0', java.version: '1.8.0_172'
                Driver info: org.openqa.selenium.chrome.ChromeDriver
                Capabilities [{mobileEmulationEnabled=false, hasTouchScreen=false, platform=XP, acceptSslCerts=false, goog:chromeOptions={debuggerAddress=localhost:61364}, acceptInsecureCerts=false, webStorageEnabled=true, browserName=chrome, takesScreenshot=true, javascriptEnabled=true, setWindowRect=true, unexpectedAlertBehaviour=, applicationCacheEnabled=false, rotatable=false, networkConnectionEnabled=false, chrome={chromedriverVersion=2.43.600210 (68dcf5eebde37173d4027fa8635e332711d2874a), userDataDir=C:\Users\che25144\AppData\Local\Temp\scoped_dir14508_26479}, takesHeapSnapshot=true, pageLoadStrategy=normal, databaseEnabled=false, handlesAlerts=true, version=70.0.3538.110, browserConnectionEnabled=false, nativeEvents=true, locationContextEnabled=true, cssSelectorsEnabled=true}]
                Session ID: b5c15de2acce011a9da52ab341ea35c7
                *** Element info: {Using=xpath, value=//*[@id='form:j_idt12_button']/span[2]}&#xD;
                	at sun.reflect.GeneratedConstructorAccessor26.newInstance(Unknown Source)&#xD;
                	at sun.reflect.DelegatingConstructorAccessorImpl.newInstance(DelegatingConstructorAccessorImpl.java:45)&#xD;
                	at java.lang.reflect.Constructor.newInstance(Constructor.java:423)&#xD;
                	at org.openqa.selenium.remote.ErrorHandler.createThrowable(ErrorHandler.java:204)&#xD;
                	at org.openqa.selenium.remote.ErrorHandler.throwIfResponseFailed(ErrorHandler.java:156)&#xD;
                	at org.openqa.selenium.remote.RemoteWebDriver.execute(RemoteWebDriver.java:605)&#xD;
                	at org.openqa.selenium.remote.RemoteWebDriver.findElement(RemoteWebDriver.java:358)&#xD;
                	at org.openqa.selenium.remote.RemoteWebDriver.findElementByXPath(RemoteWebDriver.java:455)&#xD;
                	at org.openqa.selenium.By$ByXPath.findElement(By.java:358)&#xD;
                	at org.openqa.selenium.remote.RemoteWebDriver.findElement(RemoteWebDriver.java:350)&#xD;
                	at org.openqa.selenium.support.ui.ExpectedConditions.findElement(ExpectedConditions.java:809)&#xD;
                	at org.openqa.selenium.support.ui.ExpectedConditions.access$000(ExpectedConditions.java:41)&#xD;
                	at org.openqa.selenium.support.ui.ExpectedConditions$13.apply(ExpectedConditions.java:387)&#xD;
                	at org.openqa.selenium.support.ui.ExpectedConditions$13.apply(ExpectedConditions.java:383)&#xD;
                	at org.openqa.selenium.support.ui.FluentWait.until(FluentWait.java:209)&#xD;
                	... 45 more&#xD;
</error>
        </testcase>
    </testsuite>
</testsuites>
